Copyright 1986-2015 Xilinx, Inc. All Rights Reserved.
--------------------------------------------------------------------------------------------
| Tool Version : Vivado v.2015.2 (lin64) Build 1266856 Fri Jun 26 16:35:25 MDT 2015
| Date         : Mon Oct 20 20:12:01 2025
| Host         : tlf11.see.ed.ac.uk running 64-bit Ubuntu 22.04.5 LTS
| Command      : report_control_sets -verbose -file Counting_worlds_control_sets_placed.rpt
| Design       : Counting_worlds
| Device       : xc7a35t
--------------------------------------------------------------------------------------------

Control Set Information

Table of Contents
-----------------
1. Summary
2. Flip-Flop Distribution
3. Detailed Control Set Information

1. Summary
----------

+-------------------------------------------------------------------+-------+
|                               Status                              | Count |
+-------------------------------------------------------------------+-------+
| Number of unique control sets                                     |     2 |
| Minimum Number of register sites lost to control set restrictions |     5 |
+-------------------------------------------------------------------+-------+


2. Flip-Flop Distribution
-------------------------

+--------------+-----------------------+------------------------+-----------------+--------------+
| Clock Enable | Synchronous Set/Reset | Asynchronous Set/Reset | Total Registers | Total Slices |
+--------------+-----------------------+------------------------+-----------------+--------------+
| No           | No                    | No                     |               0 |            0 |
| No           | No                    | Yes                    |               0 |            0 |
| No           | Yes                   | No                     |               0 |            0 |
| Yes          | No                    | No                     |              27 |           12 |
| Yes          | No                    | Yes                    |               0 |            0 |
| Yes          | Yes                   | No                     |               8 |            3 |
+--------------+-----------------------+------------------------+-----------------+--------------+


3. Detailed Control Set Information
-----------------------------------

+----------------+--------------------------+------------------+------------------+----------------+
|  Clock Signal  |       Enable Signal      | Set/Reset Signal | Slice Load Count | Bel Load Count |
+----------------+--------------------------+------------------+------------------+----------------+
|  CLK_IBUF_BUFG | Value[7]_i_1_n_0         | Reset_IBUF       |                3 |              8 |
|  CLK_IBUF_BUFG | PerSecondCLK[26]_i_1_n_0 |                  |               12 |             27 |
+----------------+--------------------------+------------------+------------------+----------------+


