Copyright 1986-2015 Xilinx, Inc. All Rights Reserved.
----------------------------------------------------------------------------------------
| Tool Version     : Vivado v.2015.2 (lin64) Build 1266856 Fri Jun 26 16:35:25 MDT 2015
| Date             : Sat Nov 22 17:57:59 2025
| Host             : tlf51.see.ed.ac.uk running 64-bit Ubuntu 22.04.5 LTS
| Command          : 
| Design           : Input_Output
| Device           : xc7a35tcpg236-1
| Design State     : Routed
| Grade            : commercial
| Process          : typical
| Characterization : Production
----------------------------------------------------------------------------------------

Power Report

Table of Contents
-----------------
1. Summary
1.1 On-Chip Components
1.2 Power Supply Summary
1.3 Confidence Level
2. Settings
2.1 Environment
2.2 Clock Constraints
3. Detailed Reports
3.1 By Hierarchy

1. Summary
----------

+--------------------------+----------------------------------+
| Total On-Chip Power (W)  | 15.196 (Junction temp exceeded!) |
| Dynamic (W)              | 14.934                           |
| Device Static (W)        | 0.262                            |
| Effective TJA (C/W)      | 5.0                              |
| Max Ambient (C)          | 9.0                              |
| Junction Temperature (C) | 101.0                            |
| Confidence Level         | Low                              |
| Setting File             | ---                              |
| Simulation Activity File | ---                              |
| Design Nets Matched      | NA                               |
+--------------------------+----------------------------------+


1.1 On-Chip Components
----------------------

+----------------+-----------+----------+-----------+-----------------+
| On-Chip        | Power (W) | Used     | Available | Utilization (%) |
+----------------+-----------+----------+-----------+-----------------+
| Slice Logic    |     1.190 |     1106 |       --- |             --- |
|   LUT as Logic |     1.025 |      428 |     20800 |            2.06 |
|   Register     |     0.072 |      531 |     41600 |            1.28 |
|   CARRY4       |     0.064 |       31 |      8150 |            0.38 |
|   BUFG         |     0.029 |        2 |        32 |            6.25 |
|   Others       |     0.000 |       26 |       --- |             --- |
| Signals        |     1.083 |      966 |       --- |             --- |
| I/O            |    12.661 |       33 |       106 |           31.13 |
| Static Power   |     0.262 |          |           |                 |
| Total          |    15.196 |          |           |                 |
+----------------+-----------+----------+-----------+-----------------+


1.2 Power Supply Summary
------------------------

+-----------+-------------+-----------+-------------+------------+
| Source    | Voltage (V) | Total (A) | Dynamic (A) | Static (A) |
+-----------+-------------+-----------+-------------+------------+
| Vccint    |       1.000 |     2.460 |       2.297 |      0.163 |
| Vccaux    |       1.800 |     0.494 |       0.463 |      0.031 |
| Vcco33    |       3.300 |     3.578 |       3.577 |      0.001 |
| Vcco25    |       2.500 |     0.000 |       0.000 |      0.000 |
| Vcco18    |       1.800 |     0.000 |       0.000 |      0.000 |
| Vcco15    |       1.500 |     0.000 |       0.000 |      0.000 |
| Vcco135   |       1.350 |     0.000 |       0.000 |      0.000 |
| Vcco12    |       1.200 |     0.000 |       0.000 |      0.000 |
| Vccaux_io |       1.800 |     0.000 |       0.000 |      0.000 |
| Vccbram   |       1.000 |     0.004 |       0.000 |      0.004 |
| MGTAVcc   |       1.000 |     0.000 |       0.000 |      0.000 |
| MGTAVtt   |       1.200 |     0.000 |       0.000 |      0.000 |
| Vccadc    |       1.800 |     0.020 |       0.000 |      0.020 |
+-----------+-------------+-----------+-------------+------------+


1.3 Confidence Level
--------------------

+-----------------------------+------------+--------------------------------------------------------+--------------------------------------------------------------------------------------------------------------------+
| User Input Data             | Confidence | Details                                                | Action                                                                                                             |
+-----------------------------+------------+--------------------------------------------------------+--------------------------------------------------------------------------------------------------------------------+
| Design implementation state | High       | Design is routed                                       |                                                                                                                    |
| Clock nodes activity        | Low        | User specified less than 75% of clocks                 | Provide missing clock activity with a constraint file, simulation results or by editing the "By Clock Domain" view |
| I/O nodes activity          | Low        | More than 75% of inputs are missing user specification | Provide missing input activity with simulation results or by editing the "By Resource Type -> I/Os" view           |
| Internal nodes activity     | Medium     | User specified less than 25% of internal nodes         | Provide missing internal nodes activity with simulation results or by editing the "By Resource Type" views         |
| Device models               | High       | Device models are Production                           |                                                                                                                    |
|                             |            |                                                        |                                                                                                                    |
| Overall confidence level    | Low        |                                                        |                                                                                                                    |
+-----------------------------+------------+--------------------------------------------------------+--------------------------------------------------------------------------------------------------------------------+


2. Settings
-----------

2.1 Environment
---------------

+-----------------------+--------------------------+
| Ambient Temp (C)      | 25.0                     |
| ThetaJA (C/W)         | 5.0                      |
| Airflow (LFM)         | 250                      |
| Heat Sink             | medium (Medium Profile)  |
| ThetaSA (C/W)         | 4.6                      |
| Board Selection       | medium (10"x10")         |
| # of Board Layers     | 12to15 (12 to 15 Layers) |
| Board Temperature (C) | 25.0                     |
+-----------------------+--------------------------+


2.2 Clock Constraints
---------------------

+-------+--------+-----------------+
| Clock | Domain | Constraint (ns) |
+-------+--------+-----------------+


3. Detailed Reports
-------------------

3.1 By Hierarchy
----------------

+-------------------------+-----------+
| Name                    | Power (W) |
+-------------------------+-----------+
| Input_Output            |    14.934 |
|   Master_SM             |     0.007 |
|   Nav_SM                |     0.056 |
|   P_SM                  |     0.017 |
|   SC                    |     0.262 |
|   Snake                 |     0.584 |
|     Counter_1           |     0.417 |
|   Target_Control        |     0.313 |
|   Time_Control          |     0.282 |
|     Clock_Base          |     0.282 |
|     Ones_Coloumn        |    <0.001 |
|     Tens_Coloumn        |    <0.001 |
|   VGA_Control           |     0.547 |
|     VGA_CNTRL           |     0.513 |
|       CounterHorizontal |     0.326 |
|       CounterVerticle   |     0.002 |
|   nolabel_line126       |     0.109 |
|     Bit17Counter        |     0.106 |
|     Seg7                |    <0.001 |
|     StrobeCounter       |    <0.001 |
+-------------------------+-----------+


