
*** Running vivado
    with args -log Counting_worlds.vds -m64 -mode batch -messageDb vivado.pb -notrace -source Counting_worlds.tcl


****** Vivado v2015.2 (64-bit)
  **** SW Build 1266856 on Fri Jun 26 16:35:25 MDT 2015
  **** IP Build 1264090 on Wed Jun 24 14:22:01 MDT 2015
    ** Copyright 1986-2015 Xilinx, Inc. All Rights Reserved.

source Counting_worlds.tcl -notrace
Command: synth_design -top Counting_worlds -part xc7a35tcpg236-1
Starting synth_design
Attempting to get a license for feature 'Synthesis' and/or device 'xc7a35t'
INFO: [Common 17-349] Got license for feature 'Synthesis' and/or device 'xc7a35t'
INFO: [Common 17-1223] The version limit for your license is '2015.12' and will expire in -3581 days. A version limit expiration means that, although you may be able to continue to use the current version of tools or IP with this license, you will not be eligible for any updates or new releases.
---------------------------------------------------------------------------------
Starting RTL Elaboration : Time (s): cpu = 00:00:03 ; elapsed = 00:00:03 . Memory (MB): peak = 917.074 ; gain = 152.578 ; free physical = 26859 ; free virtual = 44938
---------------------------------------------------------------------------------
INFO: [Synth 8-638] synthesizing module 'Counting_worlds' [/home/s2475012/Desktop/Timing-Worlds/Timing-Worlds.srcs/sources_1/imports/new/Counting_worlds.v:23]
INFO: [Synth 8-256] done synthesizing module 'Counting_worlds' (1#1) [/home/s2475012/Desktop/Timing-Worlds/Timing-Worlds.srcs/sources_1/imports/new/Counting_worlds.v:23]
---------------------------------------------------------------------------------
Finished RTL Elaboration : Time (s): cpu = 00:00:03 ; elapsed = 00:00:04 . Memory (MB): peak = 953.355 ; gain = 188.859 ; free physical = 26828 ; free virtual = 44906
---------------------------------------------------------------------------------

Report Check Netlist: 
+------+------------------+-------+---------+-------+------------------+
|      |Item              |Errors |Warnings |Status |Description       |
+------+------------------+-------+---------+-------+------------------+
|1     |multi_driven_nets |      0|        0|Passed |Multi driven nets |
+------+------------------+-------+---------+-------+------------------+
---------------------------------------------------------------------------------
Finished RTL Optimization Phase 1 : Time (s): cpu = 00:00:03 ; elapsed = 00:00:04 . Memory (MB): peak = 953.355 ; gain = 188.859 ; free physical = 26830 ; free virtual = 44909
---------------------------------------------------------------------------------
INFO: [Device 21-403] Loading part xc7a35tcpg236-1
INFO: [Project 1-570] Preparing netlist for logic optimization

Processing XDC Constraints
Initializing timing engine
Parsing XDC File [/home/s2475012/Desktop/Timing-Worlds/Timing-Worlds.srcs/constrs_1/imports/new/Timing_the_worldXDC.xdc]
Finished Parsing XDC File [/home/s2475012/Desktop/Timing-Worlds/Timing-Worlds.srcs/constrs_1/imports/new/Timing_the_worldXDC.xdc]
Completed Processing XDC Constraints

INFO: [Project 1-111] Unisim Transformation Summary:
No Unisim elements were transformed.

Constraint Validation Runtime : Time (s): cpu = 00:00:00.01 ; elapsed = 00:00:00.07 . Memory (MB): peak = 1267.410 ; gain = 0.000 ; free physical = 26670 ; free virtual = 44748
---------------------------------------------------------------------------------
Finished Constraint Validation : Time (s): cpu = 00:00:07 ; elapsed = 00:00:08 . Memory (MB): peak = 1267.410 ; gain = 502.914 ; free physical = 26671 ; free virtual = 44749
---------------------------------------------------------------------------------
---------------------------------------------------------------------------------
Start Loading Part and Timing Information
---------------------------------------------------------------------------------
Loading part: xc7a35tcpg236-1
---------------------------------------------------------------------------------
Finished Loading Part and Timing Information : Time (s): cpu = 00:00:07 ; elapsed = 00:00:08 . Memory (MB): peak = 1267.410 ; gain = 502.914 ; free physical = 26671 ; free virtual = 44749
---------------------------------------------------------------------------------
---------------------------------------------------------------------------------
Start Applying 'set_property' XDC Constraints
---------------------------------------------------------------------------------
---------------------------------------------------------------------------------
Finished applying 'set_property' XDC Constraints : Time (s): cpu = 00:00:07 ; elapsed = 00:00:08 . Memory (MB): peak = 1267.410 ; gain = 502.914 ; free physical = 26672 ; free virtual = 44750
---------------------------------------------------------------------------------
INFO: [Synth 8-5545] ROM "Value" won't be mapped to RAM because address size (27) is larger than maximum supported(18)
---------------------------------------------------------------------------------
Finished RTL Optimization Phase 2 : Time (s): cpu = 00:00:07 ; elapsed = 00:00:08 . Memory (MB): peak = 1267.410 ; gain = 502.914 ; free physical = 26656 ; free virtual = 44735
---------------------------------------------------------------------------------

Report RTL Partitions: 
+-+--------------+------------+----------+
| |RTL Partition |Replication |Instances |
+-+--------------+------------+----------+
+-+--------------+------------+----------+
---------------------------------------------------------------------------------
Start RTL Component Statistics 
---------------------------------------------------------------------------------
Detailed RTL Component Info : 
+---Adders : 
	   2 Input     27 Bit       Adders := 2     
	   2 Input      8 Bit       Adders := 1     
+---Registers : 
	               27 Bit    Registers := 1     
	                8 Bit    Registers := 1     
+---Muxes : 
	   2 Input     27 Bit        Muxes := 3     
	   2 Input      1 Bit        Muxes := 2     
	   3 Input      1 Bit        Muxes := 1     
---------------------------------------------------------------------------------
Finished RTL Component Statistics 
---------------------------------------------------------------------------------
---------------------------------------------------------------------------------
Start RTL Hierarchical Component Statistics 
---------------------------------------------------------------------------------
Hierarchical RTL Component report 
Module Counting_worlds 
Detailed RTL Component Info : 
+---Adders : 
	   2 Input     27 Bit       Adders := 2     
	   2 Input      8 Bit       Adders := 1     
+---Registers : 
	               27 Bit    Registers := 1     
	                8 Bit    Registers := 1     
+---Muxes : 
	   2 Input     27 Bit        Muxes := 3     
	   2 Input      1 Bit        Muxes := 2     
	   3 Input      1 Bit        Muxes := 1     
---------------------------------------------------------------------------------
Finished RTL Hierarchical Component Statistics
---------------------------------------------------------------------------------
---------------------------------------------------------------------------------
Start Part Resource Summary
---------------------------------------------------------------------------------
Part Resources:
DSPs: 120 (col length:60)
BRAMs: 150 (col length: RAMB18 60 RAMB36 30)
---------------------------------------------------------------------------------
Finished Part Resource Summary
---------------------------------------------------------------------------------
Start Parallel Synthesis Optimization  : Time (s): cpu = 00:00:07 ; elapsed = 00:00:09 . Memory (MB): peak = 1267.410 ; gain = 502.914 ; free physical = 26656 ; free virtual = 44735
---------------------------------------------------------------------------------
Start Cross Boundary Optimization
---------------------------------------------------------------------------------
---------------------------------------------------------------------------------
Finished Cross Boundary Optimization : Time (s): cpu = 00:00:07 ; elapsed = 00:00:09 . Memory (MB): peak = 1267.410 ; gain = 502.914 ; free physical = 26656 ; free virtual = 44735
---------------------------------------------------------------------------------
Finished Parallel Reinference  : Time (s): cpu = 00:00:07 ; elapsed = 00:00:09 . Memory (MB): peak = 1267.410 ; gain = 502.914 ; free physical = 26656 ; free virtual = 44735

Report RTL Partitions: 
+-+--------------+------------+----------+
| |RTL Partition |Replication |Instances |
+-+--------------+------------+----------+
+-+--------------+------------+----------+
---------------------------------------------------------------------------------
Start Area Optimization
---------------------------------------------------------------------------------
---------------------------------------------------------------------------------
Finished Area Optimization : Time (s): cpu = 00:00:08 ; elapsed = 00:00:09 . Memory (MB): peak = 1267.410 ; gain = 502.914 ; free physical = 26633 ; free virtual = 44712
---------------------------------------------------------------------------------
Finished Parallel Area Optimization  : Time (s): cpu = 00:00:08 ; elapsed = 00:00:09 . Memory (MB): peak = 1267.410 ; gain = 502.914 ; free physical = 26633 ; free virtual = 44712

Report RTL Partitions: 
+-+--------------+------------+----------+
| |RTL Partition |Replication |Instances |
+-+--------------+------------+----------+
+-+--------------+------------+----------+
Finished Parallel Synthesis Optimization  : Time (s): cpu = 00:00:08 ; elapsed = 00:00:09 . Memory (MB): peak = 1267.410 ; gain = 502.914 ; free physical = 26633 ; free virtual = 44712
---------------------------------------------------------------------------------
Start Timing Optimization
---------------------------------------------------------------------------------
---------------------------------------------------------------------------------
Start Applying XDC Timing Constraints
---------------------------------------------------------------------------------
---------------------------------------------------------------------------------
Finished Applying XDC Timing Constraints : Time (s): cpu = 00:00:12 ; elapsed = 00:00:13 . Memory (MB): peak = 1267.410 ; gain = 502.914 ; free physical = 26588 ; free virtual = 44667
---------------------------------------------------------------------------------
---------------------------------------------------------------------------------
Finished Timing Optimization : Time (s): cpu = 00:00:12 ; elapsed = 00:00:13 . Memory (MB): peak = 1267.410 ; gain = 502.914 ; free physical = 26588 ; free virtual = 44667
---------------------------------------------------------------------------------

Report RTL Partitions: 
+-+--------------+------------+----------+
| |RTL Partition |Replication |Instances |
+-+--------------+------------+----------+
+-+--------------+------------+----------+
---------------------------------------------------------------------------------
Start Technology Mapping
---------------------------------------------------------------------------------
---------------------------------------------------------------------------------
Finished Technology Mapping : Time (s): cpu = 00:00:12 ; elapsed = 00:00:13 . Memory (MB): peak = 1267.410 ; gain = 502.914 ; free physical = 26564 ; free virtual = 44644
---------------------------------------------------------------------------------

Report RTL Partitions: 
+-+--------------+------------+----------+
| |RTL Partition |Replication |Instances |
+-+--------------+------------+----------+
+-+--------------+------------+----------+
---------------------------------------------------------------------------------
Start IO Insertion
---------------------------------------------------------------------------------
---------------------------------------------------------------------------------
Start Final Netlist Cleanup
---------------------------------------------------------------------------------
---------------------------------------------------------------------------------
Finished Final Netlist Cleanup
---------------------------------------------------------------------------------
---------------------------------------------------------------------------------
Finished IO Insertion : Time (s): cpu = 00:00:12 ; elapsed = 00:00:13 . Memory (MB): peak = 1267.410 ; gain = 502.914 ; free physical = 26564 ; free virtual = 44644
---------------------------------------------------------------------------------

Report Check Netlist: 
+------+------------------+-------+---------+-------+------------------+
|      |Item              |Errors |Warnings |Status |Description       |
+------+------------------+-------+---------+-------+------------------+
|1     |multi_driven_nets |      0|        0|Passed |Multi driven nets |
+------+------------------+-------+---------+-------+------------------+
---------------------------------------------------------------------------------
Start Renaming Generated Instances
---------------------------------------------------------------------------------
---------------------------------------------------------------------------------
Finished Renaming Generated Instances : Time (s): cpu = 00:00:12 ; elapsed = 00:00:13 . Memory (MB): peak = 1267.410 ; gain = 502.914 ; free physical = 26564 ; free virtual = 44644
---------------------------------------------------------------------------------

Report RTL Partitions: 
+-+--------------+------------+----------+
| |RTL Partition |Replication |Instances |
+-+--------------+------------+----------+
+-+--------------+------------+----------+
---------------------------------------------------------------------------------
Start Rebuilding User Hierarchy
---------------------------------------------------------------------------------
---------------------------------------------------------------------------------
Finished Rebuilding User Hierarchy : Time (s): cpu = 00:00:12 ; elapsed = 00:00:13 . Memory (MB): peak = 1267.410 ; gain = 502.914 ; free physical = 26564 ; free virtual = 44644
---------------------------------------------------------------------------------
---------------------------------------------------------------------------------
Start Renaming Generated Ports : Time (s): cpu = 00:00:12 ; elapsed = 00:00:13 . Memory (MB): peak = 1267.410 ; gain = 502.914 ; free physical = 26564 ; free virtual = 44644
---------------------------------------------------------------------------------
---------------------------------------------------------------------------------
Finished Renaming Generated Ports : Time (s): cpu = 00:00:12 ; elapsed = 00:00:13 . Memory (MB): peak = 1267.410 ; gain = 502.914 ; free physical = 26564 ; free virtual = 44644
---------------------------------------------------------------------------------
---------------------------------------------------------------------------------
Start Writing Synthesis Report
---------------------------------------------------------------------------------

Report BlackBoxes: 
+-+--------------+----------+
| |BlackBox name |Instances |
+-+--------------+----------+
+-+--------------+----------+

Report Cell Usage: 
+------+-------+------+
|      |Cell   |Count |
+------+-------+------+
|1     |BUFG   |     1|
|2     |CARRY4 |    16|
|3     |LUT1   |    53|
|4     |LUT2   |     6|
|5     |LUT3   |     2|
|6     |LUT4   |    20|
|7     |LUT5   |    16|
|8     |LUT6   |     8|
|9     |FDRE   |    35|
|10    |IBUF   |     4|
|11    |OBUF   |     8|
+------+-------+------+

Report Instance Areas: 
+------+---------+-------+------+
|      |Instance |Module |Cells |
+------+---------+-------+------+
|1     |top      |       |   169|
+------+---------+-------+------+
---------------------------------------------------------------------------------
Finished Writing Synthesis Report : Time (s): cpu = 00:00:12 ; elapsed = 00:00:13 . Memory (MB): peak = 1267.410 ; gain = 502.914 ; free physical = 26564 ; free virtual = 44644
---------------------------------------------------------------------------------
Synthesis finished with 0 errors, 0 critical warnings and 0 warnings.
Synthesis Optimization Runtime : Time (s): cpu = 00:00:08 ; elapsed = 00:00:09 . Memory (MB): peak = 1267.410 ; gain = 74.281 ; free physical = 26564 ; free virtual = 44644
Synthesis Optimization Complete : Time (s): cpu = 00:00:12 ; elapsed = 00:00:14 . Memory (MB): peak = 1267.410 ; gain = 502.914 ; free physical = 26564 ; free virtual = 44644
INFO: [Project 1-571] Translating synthesized netlist
INFO: [Netlist 29-17] Analyzing 20 Unisim elements for replacement
INFO: [Netlist 29-28] Unisim Transformation completed in 0 CPU seconds
INFO: [Project 1-570] Preparing netlist for logic optimization
INFO: [Opt 31-138] Pushed 0 inverter(s) to 0 load pin(s).
INFO: [Project 1-111] Unisim Transformation Summary:
No Unisim elements were transformed.

INFO: [Common 17-83] Releasing license: Synthesis
15 Infos, 0 Warnings, 0 Critical Warnings and 0 Errors encountered.
synth_design completed successfully
synth_design: Time (s): cpu = 00:00:11 ; elapsed = 00:00:12 . Memory (MB): peak = 1283.426 ; gain = 410.430 ; free physical = 26564 ; free virtual = 44644
report_utilization: Time (s): cpu = 00:00:00.54 ; elapsed = 00:00:00.69 . Memory (MB): peak = 1315.441 ; gain = 0.000 ; free physical = 26556 ; free virtual = 44635
INFO: [Common 17-206] Exiting Vivado at Mon Oct 20 20:11:43 2025...
