
*** Running vivado
    with args -log Shift_register.vds -m64 -mode batch -messageDb vivado.pb -notrace -source Shift_register.tcl


****** Vivado v2015.2 (64-bit)
  **** SW Build 1266856 on Fri Jun 26 16:35:25 MDT 2015
  **** IP Build 1264090 on Wed Jun 24 14:22:01 MDT 2015
    ** Copyright 1986-2015 Xilinx, Inc. All Rights Reserved.

source Shift_register.tcl -notrace
Command: synth_design -top Shift_register -part xc7a35tcpg236-1
Starting synth_design
Attempting to get a license for feature 'Synthesis' and/or device 'xc7a35t'
INFO: [Common 17-349] Got license for feature 'Synthesis' and/or device 'xc7a35t'
INFO: [Common 17-1223] The version limit for your license is '2015.12' and will expire in -3581 days. A version limit expiration means that, although you may be able to continue to use the current version of tools or IP with this license, you will not be eligible for any updates or new releases.
---------------------------------------------------------------------------------
Starting RTL Elaboration : Time (s): cpu = 00:00:03 ; elapsed = 00:00:03 . Memory (MB): peak = 917.078 ; gain = 152.578 ; free physical = 26913 ; free virtual = 44894
---------------------------------------------------------------------------------
INFO: [Synth 8-638] synthesizing module 'Shift_register' [/home/s2475012/Desktop/ShiftRegister/ShiftRegister.srcs/sources_1/imports/new/Shift_register.v:23]
INFO: [Synth 8-638] synthesizing module 'Hello_synchronous_world' [/home/s2475012/Desktop/ShiftRegister/ShiftRegister.srcs/sources_1/imports/new/Hello_synchronous_world.v:23]
INFO: [Synth 8-256] done synthesizing module 'Hello_synchronous_world' (1#1) [/home/s2475012/Desktop/ShiftRegister/ShiftRegister.srcs/sources_1/imports/new/Hello_synchronous_world.v:23]
WARNING: [Synth 8-350] instance 'D' of module 'Hello_synchronous_world' requires 4 connections, but only 3 given [/home/s2475012/Desktop/ShiftRegister/ShiftRegister.srcs/sources_1/imports/new/Shift_register.v:36]
WARNING: [Synth 8-350] instance 'D' of module 'Hello_synchronous_world' requires 4 connections, but only 3 given [/home/s2475012/Desktop/ShiftRegister/ShiftRegister.srcs/sources_1/imports/new/Shift_register.v:36]
WARNING: [Synth 8-350] instance 'D' of module 'Hello_synchronous_world' requires 4 connections, but only 3 given [/home/s2475012/Desktop/ShiftRegister/ShiftRegister.srcs/sources_1/imports/new/Shift_register.v:36]
WARNING: [Synth 8-350] instance 'D' of module 'Hello_synchronous_world' requires 4 connections, but only 3 given [/home/s2475012/Desktop/ShiftRegister/ShiftRegister.srcs/sources_1/imports/new/Shift_register.v:36]
WARNING: [Synth 8-350] instance 'D' of module 'Hello_synchronous_world' requires 4 connections, but only 3 given [/home/s2475012/Desktop/ShiftRegister/ShiftRegister.srcs/sources_1/imports/new/Shift_register.v:36]
WARNING: [Synth 8-350] instance 'D' of module 'Hello_synchronous_world' requires 4 connections, but only 3 given [/home/s2475012/Desktop/ShiftRegister/ShiftRegister.srcs/sources_1/imports/new/Shift_register.v:36]
WARNING: [Synth 8-350] instance 'D' of module 'Hello_synchronous_world' requires 4 connections, but only 3 given [/home/s2475012/Desktop/ShiftRegister/ShiftRegister.srcs/sources_1/imports/new/Shift_register.v:36]
WARNING: [Synth 8-350] instance 'D' of module 'Hello_synchronous_world' requires 4 connections, but only 3 given [/home/s2475012/Desktop/ShiftRegister/ShiftRegister.srcs/sources_1/imports/new/Shift_register.v:36]
WARNING: [Synth 8-350] instance 'D' of module 'Hello_synchronous_world' requires 4 connections, but only 3 given [/home/s2475012/Desktop/ShiftRegister/ShiftRegister.srcs/sources_1/imports/new/Shift_register.v:36]
WARNING: [Synth 8-350] instance 'D' of module 'Hello_synchronous_world' requires 4 connections, but only 3 given [/home/s2475012/Desktop/ShiftRegister/ShiftRegister.srcs/sources_1/imports/new/Shift_register.v:36]
WARNING: [Synth 8-350] instance 'D' of module 'Hello_synchronous_world' requires 4 connections, but only 3 given [/home/s2475012/Desktop/ShiftRegister/ShiftRegister.srcs/sources_1/imports/new/Shift_register.v:36]
WARNING: [Synth 8-350] instance 'D' of module 'Hello_synchronous_world' requires 4 connections, but only 3 given [/home/s2475012/Desktop/ShiftRegister/ShiftRegister.srcs/sources_1/imports/new/Shift_register.v:36]
WARNING: [Synth 8-350] instance 'D' of module 'Hello_synchronous_world' requires 4 connections, but only 3 given [/home/s2475012/Desktop/ShiftRegister/ShiftRegister.srcs/sources_1/imports/new/Shift_register.v:36]
WARNING: [Synth 8-350] instance 'D' of module 'Hello_synchronous_world' requires 4 connections, but only 3 given [/home/s2475012/Desktop/ShiftRegister/ShiftRegister.srcs/sources_1/imports/new/Shift_register.v:36]
WARNING: [Synth 8-350] instance 'D' of module 'Hello_synchronous_world' requires 4 connections, but only 3 given [/home/s2475012/Desktop/ShiftRegister/ShiftRegister.srcs/sources_1/imports/new/Shift_register.v:36]
WARNING: [Synth 8-350] instance 'D' of module 'Hello_synchronous_world' requires 4 connections, but only 3 given [/home/s2475012/Desktop/ShiftRegister/ShiftRegister.srcs/sources_1/imports/new/Shift_register.v:36]
INFO: [Synth 8-256] done synthesizing module 'Shift_register' (2#1) [/home/s2475012/Desktop/ShiftRegister/ShiftRegister.srcs/sources_1/imports/new/Shift_register.v:23]
---------------------------------------------------------------------------------
Finished RTL Elaboration : Time (s): cpu = 00:00:03 ; elapsed = 00:00:04 . Memory (MB): peak = 953.359 ; gain = 188.859 ; free physical = 26874 ; free virtual = 44855
---------------------------------------------------------------------------------

Report Check Netlist: 
+------+------------------+-------+---------+-------+------------------+
|      |Item              |Errors |Warnings |Status |Description       |
+------+------------------+-------+---------+-------+------------------+
|1     |multi_driven_nets |      0|        0|Passed |Multi driven nets |
+------+------------------+-------+---------+-------+------------------+
---------------------------------------------------------------------------------
Finished RTL Optimization Phase 1 : Time (s): cpu = 00:00:03 ; elapsed = 00:00:04 . Memory (MB): peak = 953.359 ; gain = 188.859 ; free physical = 26874 ; free virtual = 44856
---------------------------------------------------------------------------------
INFO: [Device 21-403] Loading part xc7a35tcpg236-1
INFO: [Project 1-570] Preparing netlist for logic optimization

Processing XDC Constraints
Initializing timing engine
Parsing XDC File [/home/s2475012/Desktop/ShiftRegister/ShiftRegister.srcs/constrs_1/new/Shift_RegXDC.xdc]
WARNING: [Vivado 12-507] No nets matched 'CLK_IBUF'. [/home/s2475012/Desktop/ShiftRegister/ShiftRegister.srcs/constrs_1/new/Shift_RegXDC.xdc:42]
CRITICAL WARNING: [Common 17-55] 'set_property' expects at least one object. [/home/s2475012/Desktop/ShiftRegister/ShiftRegister.srcs/constrs_1/new/Shift_RegXDC.xdc:42]
Resolution: If [get_<value>] was used to populate the object, check to make sure this command returns at least one valid object.
Finished Parsing XDC File [/home/s2475012/Desktop/ShiftRegister/ShiftRegister.srcs/constrs_1/new/Shift_RegXDC.xdc]
Completed Processing XDC Constraints

INFO: [Project 1-111] Unisim Transformation Summary:
No Unisim elements were transformed.

Constraint Validation Runtime : Time (s): cpu = 00:00:00 ; elapsed = 00:00:00 . Memory (MB): peak = 1257.469 ; gain = 0.000 ; free physical = 26710 ; free virtual = 44692
---------------------------------------------------------------------------------
Finished Constraint Validation : Time (s): cpu = 00:00:07 ; elapsed = 00:00:08 . Memory (MB): peak = 1257.469 ; gain = 492.969 ; free physical = 26711 ; free virtual = 44693
---------------------------------------------------------------------------------
---------------------------------------------------------------------------------
Start Loading Part and Timing Information
---------------------------------------------------------------------------------
Loading part: xc7a35tcpg236-1
---------------------------------------------------------------------------------
Finished Loading Part and Timing Information : Time (s): cpu = 00:00:07 ; elapsed = 00:00:08 . Memory (MB): peak = 1257.469 ; gain = 492.969 ; free physical = 26711 ; free virtual = 44693
---------------------------------------------------------------------------------
---------------------------------------------------------------------------------
Start Applying 'set_property' XDC Constraints
---------------------------------------------------------------------------------
---------------------------------------------------------------------------------
Finished applying 'set_property' XDC Constraints : Time (s): cpu = 00:00:07 ; elapsed = 00:00:08 . Memory (MB): peak = 1257.469 ; gain = 492.969 ; free physical = 26712 ; free virtual = 44693
---------------------------------------------------------------------------------
---------------------------------------------------------------------------------
Finished RTL Optimization Phase 2 : Time (s): cpu = 00:00:07 ; elapsed = 00:00:08 . Memory (MB): peak = 1257.469 ; gain = 492.969 ; free physical = 26704 ; free virtual = 44686
---------------------------------------------------------------------------------

Report RTL Partitions: 
+-+--------------+------------+----------+
| |RTL Partition |Replication |Instances |
+-+--------------+------------+----------+
+-+--------------+------------+----------+
---------------------------------------------------------------------------------
Start RTL Component Statistics 
---------------------------------------------------------------------------------
Detailed RTL Component Info : 
+---Registers : 
	                1 Bit    Registers := 32    
---------------------------------------------------------------------------------
Finished RTL Component Statistics 
---------------------------------------------------------------------------------
---------------------------------------------------------------------------------
Start RTL Hierarchical Component Statistics 
---------------------------------------------------------------------------------
Hierarchical RTL Component report 
Module Hello_synchronous_world 
Detailed RTL Component Info : 
+---Registers : 
	                1 Bit    Registers := 2     
---------------------------------------------------------------------------------
Finished RTL Hierarchical Component Statistics
---------------------------------------------------------------------------------
---------------------------------------------------------------------------------
Start Part Resource Summary
---------------------------------------------------------------------------------
Part Resources:
DSPs: 120 (col length:60)
BRAMs: 150 (col length: RAMB18 60 RAMB36 30)
---------------------------------------------------------------------------------
Finished Part Resource Summary
---------------------------------------------------------------------------------
Start Parallel Synthesis Optimization  : Time (s): cpu = 00:00:07 ; elapsed = 00:00:08 . Memory (MB): peak = 1257.469 ; gain = 492.969 ; free physical = 26704 ; free virtual = 44686
---------------------------------------------------------------------------------
Start Cross Boundary Optimization
---------------------------------------------------------------------------------
---------------------------------------------------------------------------------
Finished Cross Boundary Optimization : Time (s): cpu = 00:00:07 ; elapsed = 00:00:08 . Memory (MB): peak = 1257.469 ; gain = 492.969 ; free physical = 26697 ; free virtual = 44679
---------------------------------------------------------------------------------
Finished Parallel Reinference  : Time (s): cpu = 00:00:07 ; elapsed = 00:00:08 . Memory (MB): peak = 1257.469 ; gain = 492.969 ; free physical = 26697 ; free virtual = 44679

Report RTL Partitions: 
+-+--------------+------------+----------+
| |RTL Partition |Replication |Instances |
+-+--------------+------------+----------+
+-+--------------+------------+----------+
---------------------------------------------------------------------------------
Start Area Optimization
---------------------------------------------------------------------------------
---------------------------------------------------------------------------------
Finished Area Optimization : Time (s): cpu = 00:00:07 ; elapsed = 00:00:08 . Memory (MB): peak = 1257.469 ; gain = 492.969 ; free physical = 26697 ; free virtual = 44679
---------------------------------------------------------------------------------
Finished Parallel Area Optimization  : Time (s): cpu = 00:00:07 ; elapsed = 00:00:08 . Memory (MB): peak = 1257.469 ; gain = 492.969 ; free physical = 26697 ; free virtual = 44679

Report RTL Partitions: 
+-+--------------+------------+----------+
| |RTL Partition |Replication |Instances |
+-+--------------+------------+----------+
+-+--------------+------------+----------+
Finished Parallel Synthesis Optimization  : Time (s): cpu = 00:00:07 ; elapsed = 00:00:08 . Memory (MB): peak = 1257.469 ; gain = 492.969 ; free physical = 26697 ; free virtual = 44679
---------------------------------------------------------------------------------
Start Timing Optimization
---------------------------------------------------------------------------------
---------------------------------------------------------------------------------
Start Applying XDC Timing Constraints
---------------------------------------------------------------------------------
---------------------------------------------------------------------------------
Finished Applying XDC Timing Constraints : Time (s): cpu = 00:00:11 ; elapsed = 00:00:12 . Memory (MB): peak = 1257.469 ; gain = 492.969 ; free physical = 26653 ; free virtual = 44635
---------------------------------------------------------------------------------
---------------------------------------------------------------------------------
Finished Timing Optimization : Time (s): cpu = 00:00:11 ; elapsed = 00:00:12 . Memory (MB): peak = 1257.469 ; gain = 492.969 ; free physical = 26653 ; free virtual = 44635
---------------------------------------------------------------------------------

Report RTL Partitions: 
+-+--------------+------------+----------+
| |RTL Partition |Replication |Instances |
+-+--------------+------------+----------+
+-+--------------+------------+----------+
---------------------------------------------------------------------------------
Start Technology Mapping
---------------------------------------------------------------------------------
---------------------------------------------------------------------------------
Finished Technology Mapping : Time (s): cpu = 00:00:11 ; elapsed = 00:00:12 . Memory (MB): peak = 1257.469 ; gain = 492.969 ; free physical = 26637 ; free virtual = 44619
---------------------------------------------------------------------------------

Report RTL Partitions: 
+-+--------------+------------+----------+
| |RTL Partition |Replication |Instances |
+-+--------------+------------+----------+
+-+--------------+------------+----------+
---------------------------------------------------------------------------------
Start IO Insertion
---------------------------------------------------------------------------------
---------------------------------------------------------------------------------
Start Final Netlist Cleanup
---------------------------------------------------------------------------------
---------------------------------------------------------------------------------
Finished Final Netlist Cleanup
---------------------------------------------------------------------------------
---------------------------------------------------------------------------------
Finished IO Insertion : Time (s): cpu = 00:00:11 ; elapsed = 00:00:13 . Memory (MB): peak = 1257.469 ; gain = 492.969 ; free physical = 26637 ; free virtual = 44619
---------------------------------------------------------------------------------

Report Check Netlist: 
+------+------------------+-------+---------+-------+------------------+
|      |Item              |Errors |Warnings |Status |Description       |
+------+------------------+-------+---------+-------+------------------+
|1     |multi_driven_nets |      0|        0|Passed |Multi driven nets |
+------+------------------+-------+---------+-------+------------------+
---------------------------------------------------------------------------------
Start Renaming Generated Instances
---------------------------------------------------------------------------------
---------------------------------------------------------------------------------
Finished Renaming Generated Instances : Time (s): cpu = 00:00:11 ; elapsed = 00:00:13 . Memory (MB): peak = 1257.469 ; gain = 492.969 ; free physical = 26637 ; free virtual = 44619
---------------------------------------------------------------------------------

Report RTL Partitions: 
+-+--------------+------------+----------+
| |RTL Partition |Replication |Instances |
+-+--------------+------------+----------+
+-+--------------+------------+----------+
---------------------------------------------------------------------------------
Start Rebuilding User Hierarchy
---------------------------------------------------------------------------------
---------------------------------------------------------------------------------
Finished Rebuilding User Hierarchy : Time (s): cpu = 00:00:11 ; elapsed = 00:00:13 . Memory (MB): peak = 1257.469 ; gain = 492.969 ; free physical = 26637 ; free virtual = 44619
---------------------------------------------------------------------------------
---------------------------------------------------------------------------------
Start Renaming Generated Ports : Time (s): cpu = 00:00:11 ; elapsed = 00:00:13 . Memory (MB): peak = 1257.469 ; gain = 492.969 ; free physical = 26637 ; free virtual = 44619
---------------------------------------------------------------------------------
---------------------------------------------------------------------------------
Finished Renaming Generated Ports : Time (s): cpu = 00:00:11 ; elapsed = 00:00:13 . Memory (MB): peak = 1257.469 ; gain = 492.969 ; free physical = 26637 ; free virtual = 44619
---------------------------------------------------------------------------------
---------------------------------------------------------------------------------
Start Writing Synthesis Report
---------------------------------------------------------------------------------

Report BlackBoxes: 
+-+--------------+----------+
| |BlackBox name |Instances |
+-+--------------+----------+
+-+--------------+----------+

Report Cell Usage: 
+------+-----+------+
|      |Cell |Count |
+------+-----+------+
|1     |BUFG |     1|
|2     |FDRE |    16|
|3     |IBUF |     2|
|4     |OBUF |    16|
+------+-----+------+

Report Instance Areas: 
+------+-----------------------------+---------------------------+------+
|      |Instance                     |Module                     |Cells |
+------+-----------------------------+---------------------------+------+
|1     |top                          |                           |    35|
|2     |  \DtypeInstantiation[0].D   |Hello_synchronous_world    |     1|
|3     |  \DtypeInstantiation[10].D  |Hello_synchronous_world_0  |     1|
|4     |  \DtypeInstantiation[11].D  |Hello_synchronous_world_1  |     1|
|5     |  \DtypeInstantiation[12].D  |Hello_synchronous_world_2  |     1|
|6     |  \DtypeInstantiation[13].D  |Hello_synchronous_world_3  |     1|
|7     |  \DtypeInstantiation[14].D  |Hello_synchronous_world_4  |     1|
|8     |  \DtypeInstantiation[15].D  |Hello_synchronous_world_5  |     1|
|9     |  \DtypeInstantiation[1].D   |Hello_synchronous_world_6  |     1|
|10    |  \DtypeInstantiation[2].D   |Hello_synchronous_world_7  |     1|
|11    |  \DtypeInstantiation[3].D   |Hello_synchronous_world_8  |     1|
|12    |  \DtypeInstantiation[4].D   |Hello_synchronous_world_9  |     1|
|13    |  \DtypeInstantiation[5].D   |Hello_synchronous_world_10 |     1|
|14    |  \DtypeInstantiation[6].D   |Hello_synchronous_world_11 |     1|
|15    |  \DtypeInstantiation[7].D   |Hello_synchronous_world_12 |     1|
|16    |  \DtypeInstantiation[8].D   |Hello_synchronous_world_13 |     1|
|17    |  \DtypeInstantiation[9].D   |Hello_synchronous_world_14 |     1|
+------+-----------------------------+---------------------------+------+
---------------------------------------------------------------------------------
Finished Writing Synthesis Report : Time (s): cpu = 00:00:11 ; elapsed = 00:00:13 . Memory (MB): peak = 1257.469 ; gain = 492.969 ; free physical = 26637 ; free virtual = 44619
---------------------------------------------------------------------------------
Synthesis finished with 0 errors, 0 critical warnings and 0 warnings.
Synthesis Optimization Runtime : Time (s): cpu = 00:00:08 ; elapsed = 00:00:08 . Memory (MB): peak = 1257.469 ; gain = 74.281 ; free physical = 26637 ; free virtual = 44619
Synthesis Optimization Complete : Time (s): cpu = 00:00:11 ; elapsed = 00:00:13 . Memory (MB): peak = 1257.469 ; gain = 492.969 ; free physical = 26637 ; free virtual = 44619
INFO: [Project 1-571] Translating synthesized netlist
INFO: [Netlist 29-17] Analyzing 2 Unisim elements for replacement
INFO: [Netlist 29-28] Unisim Transformation completed in 0 CPU seconds
INFO: [Project 1-570] Preparing netlist for logic optimization
INFO: [Opt 31-138] Pushed 0 inverter(s) to 0 load pin(s).
INFO: [Project 1-111] Unisim Transformation Summary:
No Unisim elements were transformed.

INFO: [Common 17-83] Releasing license: Synthesis
16 Infos, 17 Warnings, 1 Critical Warnings and 0 Errors encountered.
synth_design completed successfully
synth_design: Time (s): cpu = 00:00:10 ; elapsed = 00:00:11 . Memory (MB): peak = 1257.469 ; gain = 384.469 ; free physical = 26637 ; free virtual = 44619
report_utilization: Time (s): cpu = 00:00:00.55 ; elapsed = 00:00:00.70 . Memory (MB): peak = 1257.469 ; gain = 0.000 ; free physical = 26619 ; free virtual = 44600
INFO: [Common 17-206] Exiting Vivado at Mon Oct 20 19:32:16 2025...
